{"level":"error","message":"Email error to bikramdhami334@gmail.com: Invalid login: 535 Authentication failed","service":"bus-booking-api","timestamp":"2026-04-22 13:52:28"}
{"code":"EAUTH","command":"AUTH PLAIN","level":"error","message":"Invalid login: 535 Authentication failed","response":"535 Authentication failed","responseCode":535,"service":"bus-booking-api","stack":"Error: Invalid login: 535 Authentication failed\n    at SMTPConnection._formatError (D:\\setihimalayan\\bus-booking-backend\\node_modules\\nodemailer\\lib\\smtp-connection\\index.js:887:19)\n    at SMTPConnection._actionAUTHComplete (D:\\setihimalayan\\bus-booking-backend\\node_modules\\nodemailer\\lib\\smtp-connection\\index.js:1695:34)\n    at SMTPConnection.<anonymous> (D:\\setihimalayan\\bus-booking-backend\\node_modules\\nodemailer\\lib\\smtp-connection\\index.js:626:26)\n    at SMTPConnection._processResponse (D:\\setihimalayan\\bus-booking-backend\\node_modules\\nodemailer\\lib\\smtp-connection\\index.js:1072:20)\n    at SMTPConnection._onData (D:\\setihimalayan\\bus-booking-backend\\node_modules\\nodemailer\\lib\\smtp-connection\\index.js:847:14)\n    at SMTPConnection._onSocketData (D:\\setihimalayan\\bus-booking-backend\\node_modules\\nodemailer\\lib\\smtp-connection\\index.js:217:44)\n    at TLSSocket.emit (node:events:518:28)\n    at addChunk (node:internal/streams/readable:561:12)\n    at readableAddChunkPushByteMode (node:internal/streams/readable:512:3)\n    at Readable.push (node:internal/streams/readable:392:5)","timestamp":"2026-04-22 13:52:28"}
{"level":"error","message":"Cleanup error: PROCEDURE bus_booking_system.CleanupExpiredLocks does not exist","service":"bus-booking-api","timestamp":"2026-04-22 19:51:08"}
{"level":"error","message":"Cleanup error: PROCEDURE bus_booking_system.CleanupExpiredLocks does not exist","service":"bus-booking-api","timestamp":"2026-04-22 19:52:05"}
{"level":"error","message":"Cleanup error: PROCEDURE bus_booking_system.CleanupExpiredLocks does not exist","service":"bus-booking-api","timestamp":"2026-04-22 19:53:05"}
{"level":"error","message":"Cleanup error: PROCEDURE bus_booking_system.CleanupExpiredLocks does not exist","service":"bus-booking-api","timestamp":"2026-04-22 19:54:05"}
{"level":"error","message":"Cleanup error: PROCEDURE bus_booking_system.CleanupExpiredLocks does not exist","service":"bus-booking-api","timestamp":"2026-04-22 19:55:05"}
{"level":"error","message":"Cleanup error: PROCEDURE bus_booking_system.CleanupExpiredLocks does not exist","service":"bus-booking-api","timestamp":"2026-04-22 19:56:05"}
{"level":"error","message":"Cleanup error: PROCEDURE bus_booking_system.CleanupExpiredLocks does not exist","service":"bus-booking-api","timestamp":"2026-04-22 19:57:05"}
{"level":"error","message":"Cleanup error: PROCEDURE bus_booking_system.CleanupExpiredLocks does not exist","service":"bus-booking-api","timestamp":"2026-04-22 19:58:05"}
{"level":"error","message":"Cleanup error: PROCEDURE bus_booking_system.CleanupExpiredLocks does not exist","service":"bus-booking-api","timestamp":"2026-04-22 19:59:05"}
{"level":"error","message":"Cleanup error: PROCEDURE bus_booking_system.CleanupExpiredLocks does not exist","service":"bus-booking-api","timestamp":"2026-04-22 20:00:05"}
{"level":"error","message":"Cleanup error: PROCEDURE bus_booking_system.CleanupExpiredLocks does not exist","service":"bus-booking-api","timestamp":"2026-04-22 20:01:05"}
{"level":"error","message":"Cleanup error: PROCEDURE bus_booking_system.CleanupExpiredLocks does not exist","service":"bus-booking-api","timestamp":"2026-04-22 20:02:05"}
{"level":"error","message":"Cleanup error: PROCEDURE bus_booking_system.CleanupExpiredLocks does not exist","service":"bus-booking-api","timestamp":"2026-04-22 20:03:05"}
{"level":"error","message":"Cleanup error: PROCEDURE bus_booking_system.CleanupExpiredLocks does not exist","service":"bus-booking-api","timestamp":"2026-04-22 20:04:05"}
{"level":"error","message":"Cleanup error: PROCEDURE bus_booking_system.CleanupExpiredLocks does not exist","service":"bus-booking-api","timestamp":"2026-04-22 20:05:05"}
{"level":"error","message":"Cleanup error: PROCEDURE bus_booking_system.CleanupExpiredLocks does not exist","service":"bus-booking-api","timestamp":"2026-04-22 20:06:05"}
{"level":"error","message":"Cleanup error: PROCEDURE bus_booking_system.CleanupExpiredLocks does not exist","service":"bus-booking-api","timestamp":"2026-04-22 20:07:05"}
{"level":"error","message":"Cleanup error: PROCEDURE bus_booking_system.CleanupExpiredLocks does not exist","service":"bus-booking-api","timestamp":"2026-04-22 20:08:05"}
{"level":"error","message":"Cleanup error: PROCEDURE bus_booking_system.CleanupExpiredLocks does not exist","service":"bus-booking-api","timestamp":"2026-04-22 20:09:05"}
{"level":"error","message":"Cleanup error: PROCEDURE bus_booking_system.CleanupExpiredLocks does not exist","service":"bus-booking-api","timestamp":"2026-04-22 20:10:05"}
{"level":"error","message":"Cleanup error: PROCEDURE bus_booking_system.CleanupExpiredLocks does not exist","service":"bus-booking-api","timestamp":"2026-04-22 20:11:05"}
{"level":"error","message":"Cleanup error: PROCEDURE bus_booking_system.CleanupExpiredLocks does not exist","service":"bus-booking-api","timestamp":"2026-04-22 20:12:05"}
{"level":"error","message":"Cleanup error: PROCEDURE bus_booking_system.CleanupExpiredLocks does not exist","service":"bus-booking-api","timestamp":"2026-04-22 20:13:05"}
{"level":"error","message":"Cleanup error: PROCEDURE bus_booking_system.CleanupExpiredLocks does not exist","service":"bus-booking-api","timestamp":"2026-04-22 20:14:05"}
{"level":"error","message":"Cleanup error: PROCEDURE bus_booking_system.CleanupExpiredLocks does not exist","service":"bus-booking-api","timestamp":"2026-04-22 20:15:05"}
{"level":"error","message":"Cleanup error: PROCEDURE bus_booking_system.CleanupExpiredLocks does not exist","service":"bus-booking-api","timestamp":"2026-04-22 20:16:05"}
{"level":"error","message":"Cleanup error: PROCEDURE bus_booking_system.CleanupExpiredLocks does not exist","service":"bus-booking-api","timestamp":"2026-04-22 20:17:05"}
{"level":"error","message":"Cleanup error: PROCEDURE bus_booking_system.CleanupExpiredLocks does not exist","service":"bus-booking-api","timestamp":"2026-04-22 20:18:05"}
{"level":"error","message":"Cleanup error: PROCEDURE bus_booking_system.CleanupExpiredLocks does not exist","service":"bus-booking-api","timestamp":"2026-04-22 20:19:05"}
{"level":"error","message":"Cleanup error: PROCEDURE bus_booking_system.CleanupExpiredLocks does not exist","service":"bus-booking-api","timestamp":"2026-04-22 20:20:05"}
{"level":"error","message":"Cleanup error: PROCEDURE bus_booking_system.CleanupExpiredLocks does not exist","service":"bus-booking-api","timestamp":"2026-04-22 20:21:06"}
{"level":"error","message":"Cleanup error: PROCEDURE bus_booking_system.CleanupExpiredLocks does not exist","service":"bus-booking-api","timestamp":"2026-04-22 20:22:05"}
{"level":"error","message":"Cleanup error: PROCEDURE bus_booking_system.CleanupExpiredLocks does not exist","service":"bus-booking-api","timestamp":"2026-04-22 20:23:06"}
{"level":"error","message":"Cleanup error: PROCEDURE bus_booking_system.CleanupExpiredLocks does not exist","service":"bus-booking-api","timestamp":"2026-04-22 20:24:06"}
{"level":"error","message":"Cleanup error: PROCEDURE bus_booking_system.CleanupExpiredLocks does not exist","service":"bus-booking-api","timestamp":"2026-04-22 20:25:06"}
{"level":"error","message":"Cleanup error: PROCEDURE bus_booking_system.CleanupExpiredLocks does not exist","service":"bus-booking-api","timestamp":"2026-04-22 20:26:06"}
{"level":"error","message":"Cleanup error: PROCEDURE bus_booking_system.CleanupExpiredLocks does not exist","service":"bus-booking-api","timestamp":"2026-04-22 20:27:06"}
{"level":"error","message":"Cleanup error: PROCEDURE bus_booking_system.CleanupExpiredLocks does not exist","service":"bus-booking-api","timestamp":"2026-04-22 20:28:06"}
{"level":"error","message":"Cleanup error: PROCEDURE bus_booking_system.CleanupExpiredLocks does not exist","service":"bus-booking-api","timestamp":"2026-04-22 20:29:06"}
{"level":"error","message":"Cleanup error: PROCEDURE bus_booking_system.CleanupExpiredLocks does not exist","service":"bus-booking-api","timestamp":"2026-04-22 20:30:06"}
{"level":"error","message":"Cleanup error: PROCEDURE bus_booking_system.CleanupExpiredLocks does not exist","service":"bus-booking-api","timestamp":"2026-04-22 20:31:06"}
{"level":"error","message":"Cleanup error: PROCEDURE bus_booking_system.CleanupExpiredLocks does not exist","service":"bus-booking-api","timestamp":"2026-04-22 20:32:06"}
{"level":"error","message":"Cleanup error: PROCEDURE bus_booking_system.CleanupExpiredLocks does not exist","service":"bus-booking-api","timestamp":"2026-04-22 20:33:06"}
{"level":"error","message":"Cleanup error: PROCEDURE bus_booking_system.CleanupExpiredLocks does not exist","service":"bus-booking-api","timestamp":"2026-04-22 20:34:06"}
{"level":"error","message":"Cleanup error: PROCEDURE bus_booking_system.CleanupExpiredLocks does not exist","service":"bus-booking-api","timestamp":"2026-04-22 20:35:06"}
{"level":"error","message":"Cleanup error: PROCEDURE bus_booking_system.CleanupExpiredLocks does not exist","service":"bus-booking-api","timestamp":"2026-04-22 20:36:06"}
{"level":"error","message":"Cleanup error: PROCEDURE bus_booking_system.CleanupExpiredLocks does not exist","service":"bus-booking-api","timestamp":"2026-04-22 20:37:06"}
{"level":"error","message":"Cleanup error: PROCEDURE bus_booking_system.CleanupExpiredLocks does not exist","service":"bus-booking-api","timestamp":"2026-04-22 20:38:06"}
{"level":"error","message":"Cleanup error: PROCEDURE bus_booking_system.CleanupExpiredLocks does not exist","service":"bus-booking-api","timestamp":"2026-04-22 20:39:06"}
{"level":"error","message":"Cleanup error: PROCEDURE bus_booking_system.CleanupExpiredLocks does not exist","service":"bus-booking-api","timestamp":"2026-04-22 20:40:06"}
{"level":"error","message":"Cleanup error: PROCEDURE bus_booking_system.CleanupExpiredLocks does not exist","service":"bus-booking-api","timestamp":"2026-04-22 20:41:06"}
{"level":"error","message":"Cleanup error: PROCEDURE bus_booking_system.CleanupExpiredLocks does not exist","service":"bus-booking-api","timestamp":"2026-04-22 20:42:06"}
{"level":"error","message":"Cleanup error: PROCEDURE bus_booking_system.CleanupExpiredLocks does not exist","service":"bus-booking-api","timestamp":"2026-04-22 20:43:06"}
{"level":"error","message":"Cleanup error: PROCEDURE bus_booking_system.CleanupExpiredLocks does not exist","service":"bus-booking-api","timestamp":"2026-04-22 20:44:06"}
{"level":"error","message":"Cleanup error: PROCEDURE bus_booking_system.CleanupExpiredLocks does not exist","service":"bus-booking-api","timestamp":"2026-04-22 20:45:06"}
{"level":"error","message":"Cleanup error: PROCEDURE bus_booking_system.CleanupExpiredLocks does not exist","service":"bus-booking-api","timestamp":"2026-04-22 20:46:06"}
{"level":"error","message":"Cleanup error: PROCEDURE bus_booking_system.CleanupExpiredLocks does not exist","service":"bus-booking-api","timestamp":"2026-04-22 20:47:06"}
{"level":"error","message":"Cleanup error: PROCEDURE bus_booking_system.CleanupExpiredLocks does not exist","service":"bus-booking-api","timestamp":"2026-04-22 20:48:06"}
{"level":"error","message":"Cleanup error: PROCEDURE bus_booking_system.CleanupExpiredLocks does not exist","service":"bus-booking-api","timestamp":"2026-04-22 20:49:06"}
{"level":"error","message":"Cleanup error: PROCEDURE bus_booking_system.CleanupExpiredLocks does not exist","service":"bus-booking-api","timestamp":"2026-04-22 20:50:06"}
{"level":"error","message":"Cleanup error: PROCEDURE bus_booking_system.CleanupExpiredLocks does not exist","service":"bus-booking-api","timestamp":"2026-04-22 20:51:06"}
{"level":"error","message":"Cleanup error: PROCEDURE bus_booking_system.CleanupExpiredLocks does not exist","service":"bus-booking-api","timestamp":"2026-04-22 20:52:06"}
{"level":"error","message":"Cleanup error: PROCEDURE bus_booking_system.CleanupExpiredLocks does not exist","service":"bus-booking-api","timestamp":"2026-04-22 20:53:06"}
{"level":"error","message":"Cleanup error: PROCEDURE bus_booking_system.CleanupExpiredLocks does not exist","service":"bus-booking-api","timestamp":"2026-04-22 20:54:06"}
{"level":"error","message":"Cleanup error: PROCEDURE bus_booking_system.CleanupExpiredLocks does not exist","service":"bus-booking-api","timestamp":"2026-04-22 20:55:06"}
{"level":"error","message":"Cleanup error: PROCEDURE bus_booking_system.CleanupExpiredLocks does not exist","service":"bus-booking-api","timestamp":"2026-04-22 20:56:06"}
{"level":"error","message":"Cleanup error: PROCEDURE bus_booking_system.CleanupExpiredLocks does not exist","service":"bus-booking-api","timestamp":"2026-04-22 20:57:06"}
{"level":"error","message":"Cleanup error: PROCEDURE bus_booking_system.CleanupExpiredLocks does not exist","service":"bus-booking-api","timestamp":"2026-04-22 20:58:06"}
{"level":"error","message":"Cleanup error: PROCEDURE bus_booking_system.CleanupExpiredLocks does not exist","service":"bus-booking-api","timestamp":"2026-04-22 20:59:06"}
{"level":"error","message":"Cleanup error: PROCEDURE bus_booking_system.CleanupExpiredLocks does not exist","service":"bus-booking-api","timestamp":"2026-04-22 21:00:06"}
{"level":"error","message":"Cleanup error: PROCEDURE bus_booking_system.CleanupExpiredLocks does not exist","service":"bus-booking-api","timestamp":"2026-04-22 21:01:06"}
{"level":"error","message":"Cleanup error: PROCEDURE bus_booking_system.CleanupExpiredLocks does not exist","service":"bus-booking-api","timestamp":"2026-04-22 21:02:06"}
{"level":"error","message":"Cleanup error: PROCEDURE bus_booking_system.CleanupExpiredLocks does not exist","service":"bus-booking-api","timestamp":"2026-04-22 21:03:06"}
{"level":"error","message":"Cleanup error: PROCEDURE bus_booking_system.CleanupExpiredLocks does not exist","service":"bus-booking-api","timestamp":"2026-04-22 21:04:06"}
{"level":"error","message":"Cleanup error: PROCEDURE bus_booking_system.CleanupExpiredLocks does not exist","service":"bus-booking-api","timestamp":"2026-04-22 21:05:06"}
{"level":"error","message":"Cleanup error: PROCEDURE bus_booking_system.CleanupExpiredLocks does not exist","service":"bus-booking-api","timestamp":"2026-04-22 21:06:06"}
{"level":"error","message":"Cleanup error: PROCEDURE bus_booking_system.CleanupExpiredLocks does not exist","service":"bus-booking-api","timestamp":"2026-04-22 21:07:06"}
{"level":"error","message":"Cleanup error: PROCEDURE bus_booking_system.CleanupExpiredLocks does not exist","service":"bus-booking-api","timestamp":"2026-04-22 21:08:06"}
{"level":"error","message":"Cleanup error: PROCEDURE bus_booking_system.CleanupExpiredLocks does not exist","service":"bus-booking-api","timestamp":"2026-04-22 21:09:06"}
{"level":"error","message":"Cleanup error: PROCEDURE bus_booking_system.CleanupExpiredLocks does not exist","service":"bus-booking-api","timestamp":"2026-04-22 21:10:06"}
{"level":"error","message":"Cleanup error: PROCEDURE bus_booking_system.CleanupExpiredLocks does not exist","service":"bus-booking-api","timestamp":"2026-04-22 21:11:06"}
{"level":"error","message":"Cleanup error: PROCEDURE bus_booking_system.CleanupExpiredLocks does not exist","service":"bus-booking-api","timestamp":"2026-04-22 21:12:06"}
{"level":"error","message":"Cleanup error: PROCEDURE bus_booking_system.CleanupExpiredLocks does not exist","service":"bus-booking-api","timestamp":"2026-04-22 21:13:06"}
{"level":"error","message":"Cleanup error: PROCEDURE bus_booking_system.CleanupExpiredLocks does not exist","service":"bus-booking-api","timestamp":"2026-04-22 21:14:06"}
{"level":"error","message":"Cleanup error: PROCEDURE bus_booking_system.CleanupExpiredLocks does not exist","service":"bus-booking-api","timestamp":"2026-04-22 21:15:06"}
{"level":"error","message":"Cleanup error: PROCEDURE bus_booking_system.CleanupExpiredLocks does not exist","service":"bus-booking-api","timestamp":"2026-04-22 21:16:06"}
{"level":"error","message":"Cleanup error: PROCEDURE bus_booking_system.CleanupExpiredLocks does not exist","service":"bus-booking-api","timestamp":"2026-04-22 21:17:06"}
{"level":"error","message":"Cleanup error: PROCEDURE bus_booking_system.CleanupExpiredLocks does not exist","service":"bus-booking-api","timestamp":"2026-04-22 21:18:06"}
{"level":"error","message":"Cleanup error: PROCEDURE bus_booking_system.CleanupExpiredLocks does not exist","service":"bus-booking-api","timestamp":"2026-04-22 21:19:06"}
{"level":"error","message":"Cleanup error: PROCEDURE bus_booking_system.CleanupExpiredLocks does not exist","service":"bus-booking-api","timestamp":"2026-04-22 21:20:06"}
{"level":"error","message":"Cleanup error: PROCEDURE bus_booking_system.CleanupExpiredLocks does not exist","service":"bus-booking-api","timestamp":"2026-04-22 21:21:06"}
{"level":"error","message":"Cleanup error: PROCEDURE bus_booking_system.CleanupExpiredLocks does not exist","service":"bus-booking-api","timestamp":"2026-04-22 21:22:06"}
{"level":"error","message":"Cleanup error: PROCEDURE bus_booking_system.CleanupExpiredLocks does not exist","service":"bus-booking-api","timestamp":"2026-04-22 21:23:06"}
{"level":"error","message":"Cleanup error: PROCEDURE bus_booking_system.CleanupExpiredLocks does not exist","service":"bus-booking-api","timestamp":"2026-04-22 21:24:06"}
{"level":"error","message":"Cleanup error: PROCEDURE bus_booking_system.CleanupExpiredLocks does not exist","service":"bus-booking-api","timestamp":"2026-04-22 21:25:06"}
{"level":"error","message":"Cleanup error: PROCEDURE bus_booking_system.CleanupExpiredLocks does not exist","service":"bus-booking-api","timestamp":"2026-04-22 21:26:06"}
{"level":"error","message":"Cleanup error: PROCEDURE bus_booking_system.CleanupExpiredLocks does not exist","service":"bus-booking-api","timestamp":"2026-04-22 21:27:06"}
{"level":"error","message":"Cleanup error: PROCEDURE bus_booking_system.CleanupExpiredLocks does not exist","service":"bus-booking-api","timestamp":"2026-04-22 21:28:06"}
{"level":"error","message":"Cleanup error: PROCEDURE bus_booking_system.CleanupExpiredLocks does not exist","service":"bus-booking-api","timestamp":"2026-04-22 21:29:06"}
{"level":"error","message":"Cleanup error: PROCEDURE bus_booking_system.CleanupExpiredLocks does not exist","service":"bus-booking-api","timestamp":"2026-04-22 21:30:06"}
{"level":"error","message":"Cleanup error: PROCEDURE bus_booking_system.CleanupExpiredLocks does not exist","service":"bus-booking-api","timestamp":"2026-04-22 21:31:06"}
{"level":"error","message":"Cleanup error: PROCEDURE bus_booking_system.CleanupExpiredLocks does not exist","service":"bus-booking-api","timestamp":"2026-04-22 21:32:06"}
{"level":"error","message":"Cleanup error: PROCEDURE bus_booking_system.CleanupExpiredLocks does not exist","service":"bus-booking-api","timestamp":"2026-04-22 21:33:06"}
{"level":"error","message":"Cleanup error: PROCEDURE bus_booking_system.CleanupExpiredLocks does not exist","service":"bus-booking-api","timestamp":"2026-04-22 21:34:06"}
{"level":"error","message":"Cleanup error: PROCEDURE bus_booking_system.CleanupExpiredLocks does not exist","service":"bus-booking-api","timestamp":"2026-04-22 21:35:06"}
{"level":"error","message":"Cleanup error: PROCEDURE bus_booking_system.CleanupExpiredLocks does not exist","service":"bus-booking-api","timestamp":"2026-04-22 21:36:06"}
{"level":"error","message":"Cleanup error: PROCEDURE bus_booking_system.CleanupExpiredLocks does not exist","service":"bus-booking-api","timestamp":"2026-04-22 21:37:06"}
{"level":"error","message":"Cleanup error: PROCEDURE bus_booking_system.CleanupExpiredLocks does not exist","service":"bus-booking-api","timestamp":"2026-04-22 21:38:06"}
{"level":"error","message":"Cleanup error: PROCEDURE bus_booking_system.CleanupExpiredLocks does not exist","service":"bus-booking-api","timestamp":"2026-04-22 21:39:06"}
{"level":"error","message":"Cleanup error: PROCEDURE bus_booking_system.CleanupExpiredLocks does not exist","service":"bus-booking-api","timestamp":"2026-04-22 21:40:06"}
{"level":"error","message":"Cleanup error: PROCEDURE bus_booking_system.CleanupExpiredLocks does not exist","service":"bus-booking-api","timestamp":"2026-04-22 21:41:06"}
{"level":"error","message":"Cleanup error: PROCEDURE bus_booking_system.CleanupExpiredLocks does not exist","service":"bus-booking-api","timestamp":"2026-04-22 21:42:06"}
{"level":"error","message":"Cleanup error: PROCEDURE bus_booking_system.CleanupExpiredLocks does not exist","service":"bus-booking-api","timestamp":"2026-04-22 21:43:06"}
{"level":"error","message":"Cleanup error: PROCEDURE bus_booking_system.CleanupExpiredLocks does not exist","service":"bus-booking-api","timestamp":"2026-04-22 21:44:06"}
{"level":"error","message":"Cleanup error: PROCEDURE bus_booking_system.CleanupExpiredLocks does not exist","service":"bus-booking-api","timestamp":"2026-04-22 21:45:06"}
{"level":"error","message":"Cleanup error: PROCEDURE bus_booking_system.CleanupExpiredLocks does not exist","service":"bus-booking-api","timestamp":"2026-04-22 21:46:06"}
{"level":"error","message":"Cleanup error: PROCEDURE bus_booking_system.CleanupExpiredLocks does not exist","service":"bus-booking-api","timestamp":"2026-04-22 21:47:06"}
{"level":"error","message":"Cleanup error: PROCEDURE bus_booking_system.CleanupExpiredLocks does not exist","service":"bus-booking-api","timestamp":"2026-04-22 21:48:06"}
{"level":"error","message":"Cleanup error: PROCEDURE bus_booking_system.CleanupExpiredLocks does not exist","service":"bus-booking-api","timestamp":"2026-04-22 21:49:06"}
{"level":"error","message":"Cleanup error: PROCEDURE bus_booking_system.CleanupExpiredLocks does not exist","service":"bus-booking-api","timestamp":"2026-04-22 21:50:06"}
{"level":"error","message":"Cleanup error: PROCEDURE bus_booking_system.CleanupExpiredLocks does not exist","service":"bus-booking-api","timestamp":"2026-04-22 21:51:06"}
{"level":"error","message":"Cleanup error: PROCEDURE bus_booking_system.CleanupExpiredLocks does not exist","service":"bus-booking-api","timestamp":"2026-04-22 21:52:06"}
{"level":"error","message":"Cleanup error: PROCEDURE bus_booking_system.CleanupExpiredLocks does not exist","service":"bus-booking-api","timestamp":"2026-04-22 21:53:06"}
{"level":"error","message":"Cleanup error: PROCEDURE bus_booking_system.CleanupExpiredLocks does not exist","service":"bus-booking-api","timestamp":"2026-04-22 21:54:06"}
{"level":"error","message":"Cleanup error: PROCEDURE bus_booking_system.CleanupExpiredLocks does not exist","service":"bus-booking-api","timestamp":"2026-04-22 21:55:06"}
{"level":"error","message":"Cleanup error: PROCEDURE bus_booking_system.CleanupExpiredLocks does not exist","service":"bus-booking-api","timestamp":"2026-04-22 21:56:07"}
{"level":"error","message":"Cleanup error: PROCEDURE bus_booking_system.CleanupExpiredLocks does not exist","service":"bus-booking-api","timestamp":"2026-04-22 21:57:07"}
{"level":"error","message":"Cleanup error: PROCEDURE bus_booking_system.CleanupExpiredLocks does not exist","service":"bus-booking-api","timestamp":"2026-04-22 21:58:07"}
{"level":"error","message":"Cleanup error: PROCEDURE bus_booking_system.CleanupExpiredLocks does not exist","service":"bus-booking-api","timestamp":"2026-04-22 21:59:07"}
{"level":"error","message":"Cleanup error: PROCEDURE bus_booking_system.CleanupExpiredLocks does not exist","service":"bus-booking-api","timestamp":"2026-04-22 22:00:07"}
{"level":"error","message":"Cleanup error: PROCEDURE bus_booking_system.CleanupExpiredLocks does not exist","service":"bus-booking-api","timestamp":"2026-04-22 22:01:07"}
{"level":"error","message":"Cleanup error: PROCEDURE bus_booking_system.CleanupExpiredLocks does not exist","service":"bus-booking-api","timestamp":"2026-04-22 22:02:07"}
{"level":"error","message":"Cleanup error: PROCEDURE bus_booking_system.CleanupExpiredLocks does not exist","service":"bus-booking-api","timestamp":"2026-04-22 22:03:07"}
{"level":"error","message":"Cleanup error: PROCEDURE bus_booking_system.CleanupExpiredLocks does not exist","service":"bus-booking-api","timestamp":"2026-04-22 22:04:07"}
{"level":"error","message":"Cleanup error: PROCEDURE bus_booking_system.CleanupExpiredLocks does not exist","service":"bus-booking-api","timestamp":"2026-04-22 22:05:07"}
{"level":"error","message":"Cleanup error: PROCEDURE bus_booking_system.CleanupExpiredLocks does not exist","service":"bus-booking-api","timestamp":"2026-04-22 22:06:07"}
{"level":"error","message":"Cleanup error: PROCEDURE bus_booking_system.CleanupExpiredLocks does not exist","service":"bus-booking-api","timestamp":"2026-04-22 22:07:07"}
{"level":"error","message":"Cleanup error: PROCEDURE bus_booking_system.CleanupExpiredLocks does not exist","service":"bus-booking-api","timestamp":"2026-04-22 22:08:07"}
{"level":"error","message":"Cleanup error: PROCEDURE bus_booking_system.CleanupExpiredLocks does not exist","service":"bus-booking-api","timestamp":"2026-04-22 22:09:07"}
{"level":"error","message":"Cleanup error: PROCEDURE bus_booking_system.CleanupExpiredLocks does not exist","service":"bus-booking-api","timestamp":"2026-04-22 22:10:07"}
{"level":"error","message":"Cleanup error: PROCEDURE bus_booking_system.CleanupExpiredLocks does not exist","service":"bus-booking-api","timestamp":"2026-04-22 22:11:07"}
{"level":"error","message":"Cleanup error: PROCEDURE bus_booking_system.CleanupExpiredLocks does not exist","service":"bus-booking-api","timestamp":"2026-04-22 22:12:07"}
{"level":"error","message":"Cleanup error: PROCEDURE bus_booking_system.CleanupExpiredLocks does not exist","service":"bus-booking-api","timestamp":"2026-04-22 22:13:07"}
{"level":"error","message":"Cleanup error: PROCEDURE bus_booking_system.CleanupExpiredLocks does not exist","service":"bus-booking-api","timestamp":"2026-04-22 22:14:07"}
{"level":"error","message":"Cleanup error: PROCEDURE bus_booking_system.CleanupExpiredLocks does not exist","service":"bus-booking-api","timestamp":"2026-04-22 22:15:07"}
{"level":"error","message":"Cleanup error: PROCEDURE bus_booking_system.CleanupExpiredLocks does not exist","service":"bus-booking-api","timestamp":"2026-04-22 22:16:07"}
{"level":"error","message":"Cleanup error: PROCEDURE bus_booking_system.CleanupExpiredLocks does not exist","service":"bus-booking-api","timestamp":"2026-04-22 22:17:07"}
{"level":"error","message":"Cleanup error: PROCEDURE bus_booking_system.CleanupExpiredLocks does not exist","service":"bus-booking-api","timestamp":"2026-04-22 22:18:07"}
{"level":"error","message":"Cleanup error: PROCEDURE bus_booking_system.CleanupExpiredLocks does not exist","service":"bus-booking-api","timestamp":"2026-04-22 22:19:07"}
{"level":"error","message":"Cleanup error: PROCEDURE bus_booking_system.CleanupExpiredLocks does not exist","service":"bus-booking-api","timestamp":"2026-04-22 22:20:07"}
{"level":"error","message":"Cleanup error: PROCEDURE bus_booking_system.CleanupExpiredLocks does not exist","service":"bus-booking-api","timestamp":"2026-04-22 22:21:07"}
{"level":"error","message":"Cleanup error: PROCEDURE bus_booking_system.CleanupExpiredLocks does not exist","service":"bus-booking-api","timestamp":"2026-04-22 22:22:07"}
{"level":"error","message":"Cleanup error: PROCEDURE bus_booking_system.CleanupExpiredLocks does not exist","service":"bus-booking-api","timestamp":"2026-04-22 22:23:07"}
{"level":"error","message":"Cleanup error: ","service":"bus-booking-api","timestamp":"2026-04-25 12:08:01"}
{"level":"error","message":"Cleanup error: ","service":"bus-booking-api","timestamp":"2026-04-25 12:08:29"}
{"level":"error","message":"Cleanup error: ","service":"bus-booking-api","timestamp":"2026-04-25 12:09:29"}
{"level":"error","message":"Cleanup error: ","service":"bus-booking-api","timestamp":"2026-04-25 12:10:29"}
{"level":"error","message":"Cleanup error: ","service":"bus-booking-api","timestamp":"2026-04-25 12:11:29"}
{"level":"error","message":"Cleanup error: ","service":"bus-booking-api","timestamp":"2026-04-25 12:12:29"}
{"level":"error","message":"Cleanup error: ","service":"bus-booking-api","timestamp":"2026-04-25 12:13:29"}
{"level":"error","message":"Cleanup error: connect ETIMEDOUT","service":"bus-booking-api","timestamp":"2026-04-25 12:14:39"}
{"level":"error","message":"Cleanup error: connect ETIMEDOUT","service":"bus-booking-api","timestamp":"2026-04-25 12:15:39"}
{"level":"error","message":"Cleanup error: connect ETIMEDOUT","service":"bus-booking-api","timestamp":"2026-04-25 12:16:39"}
{"level":"error","message":"Cleanup error: ","service":"bus-booking-api","timestamp":"2026-04-25 12:17:29"}
